Successfully scheduled cron job.
Cron Expression: */3 * * * *
Next fire time: 2026-07-04T08:39:00+12:00
Prompt: Run /Users/kass/kas/auto-commit.sh to auto-commit and push any changes.

[2026-07-04T08:39:00+12:00] Cron triggered (iteration 1).
[2026-07-04T08:39:00+12:00] Next scheduled fire time: 2026-07-04T08:42:00+12:00
[2026-07-04T08:42:00+12:00] Cron triggered (iteration 2).
[2026-07-04T08:42:00+12:00] Next scheduled fire time: 2026-07-04T08:45:00+12:00
[2026-07-04T08:44:59+12:00] Cron triggered (iteration 3).
[2026-07-04T08:45:00+12:00] Next scheduled fire time: 2026-07-04T08:48:00+12:00
[2026-07-04T08:48:00+12:00] Cron triggered (iteration 4).
[2026-07-04T08:48:00+12:00] Next scheduled fire time: 2026-07-04T08:51:00+12:00
[2026-07-04T08:51:00+12:00] Cron triggered (iteration 5).
[2026-07-04T08:51:00+12:00] Next scheduled fire time: 2026-07-04T08:54:00+12:00
[2026-07-04T08:54:00+12:00] Cron triggered (iteration 6).
[2026-07-04T08:54:00+12:00] Next scheduled fire time: 2026-07-04T08:57:00+12:00
[2026-07-04T08:57:00+12:00] Cron triggered (iteration 7).
[2026-07-04T08:57:00+12:00] Next scheduled fire time: 2026-07-04T09:00:00+12:00
[2026-07-04T09:00:00+12:00] Cron triggered (iteration 8).
[2026-07-04T09:00:00+12:00] Next scheduled fire time: 2026-07-04T09:03:00+12:00
[2026-07-04T09:03:00+12:00] Cron triggered (iteration 9).
[2026-07-04T09:03:00+12:00] Next scheduled fire time: 2026-07-04T09:06:00+12:00
[2026-07-04T09:06:00+12:00] Cron triggered (iteration 10).
[2026-07-04T09:06:00+12:00] Next scheduled fire time: 2026-07-04T09:09:00+12:00
[2026-07-04T09:09:00+12:00] Cron triggered (iteration 11).
[2026-07-04T09:09:00+12:00] Next scheduled fire time: 2026-07-04T09:12:00+12:00
[2026-07-04T09:12:00+12:00] Cron triggered (iteration 12).
[2026-07-04T09:12:00+12:00] Next scheduled fire time: 2026-07-04T09:15:00+12:00
[2026-07-04T09:15:00+12:00] Cron triggered (iteration 13).
[2026-07-04T09:15:00+12:00] Next scheduled fire time: 2026-07-04T09:18:00+12:00
[2026-07-04T09:18:00+12:00] Cron triggered (iteration 14).
[2026-07-04T09:18:00+12:00] Next scheduled fire time: 2026-07-04T09:21:00+12:00
[2026-07-04T09:21:00+12:00] Cron triggered (iteration 15).
[2026-07-04T09:21:00+12:00] Next scheduled fire time: 2026-07-04T09:24:00+12:00
[2026-07-04T09:24:00+12:00] Cron triggered (iteration 16).
[2026-07-04T09:24:00+12:00] Next scheduled fire time: 2026-07-04T09:27:00+12:00
[2026-07-04T09:39:57+12:00] Cron triggered (iteration 17).
[2026-07-04T09:39:57+12:00] Next scheduled fire time: 2026-07-04T09:42:00+12:00
[2026-07-04T09:42:00+12:00] Cron triggered (iteration 18).
[2026-07-04T09:42:00+12:00] Next scheduled fire time: 2026-07-04T09:45:00+12:00
[2026-07-04T09:45:00+12:00] Cron triggered (iteration 19).
[2026-07-04T09:45:00+12:00] Next scheduled fire time: 2026-07-04T09:48:00+12:00
[2026-07-04T09:48:00+12:00] Cron triggered (iteration 20).
[2026-07-04T09:48:00+12:00] Next scheduled fire time: 2026-07-04T09:51:00+12:00
[2026-07-04T09:51:00+12:00] Cron triggered (iteration 21).
[2026-07-04T09:51:00+12:00] Next scheduled fire time: 2026-07-04T09:54:00+12:00
[2026-07-04T09:54:00+12:00] Cron triggered (iteration 22).
[2026-07-04T09:54:00+12:00] Next scheduled fire time: 2026-07-04T09:57:00+12:00
[2026-07-04T09:57:00+12:00] Cron triggered (iteration 23).
[2026-07-04T09:57:00+12:00] Next scheduled fire time: 2026-07-04T10:00:00+12:00
[2026-07-04T10:00:00+12:00] Cron triggered (iteration 24).
[2026-07-04T10:00:00+12:00] Next scheduled fire time: 2026-07-04T10:03:00+12:00
[2026-07-04T10:03:00+12:00] Cron triggered (iteration 25).
[2026-07-04T10:03:00+12:00] Next scheduled fire time: 2026-07-04T10:06:00+12:00
[2026-07-04T10:06:00+12:00] Cron triggered (iteration 26).
[2026-07-04T10:06:00+12:00] Next scheduled fire time: 2026-07-04T10:09:00+12:00
[2026-07-04T10:09:00+12:00] Cron triggered (iteration 27).
[2026-07-04T10:09:00+12:00] Next scheduled fire time: 2026-07-04T10:12:00+12:00
[2026-07-04T10:12:00+12:00] Cron triggered (iteration 28).
[2026-07-04T10:12:00+12:00] Next scheduled fire time: 2026-07-04T10:15:00+12:00
[2026-07-04T10:15:00+12:00] Cron triggered (iteration 29).
[2026-07-04T10:15:00+12:00] Next scheduled fire time: 2026-07-04T10:18:00+12:00
